-------------------------------------------------------------------------------
Test set: com.github.louism33.axolotl.evaluation.WACSanityTest
-------------------------------------------------------------------------------
Tests run: 301, Failures: 1, Errors: 0, Skipped: 0, Time elapsed: 2,373.033 sec <<< FAILURE! - in com.github.louism33.axolotl.evaluation.WACSanityTest
com.github.louism33.axolotl.evaluation.WACSanityTest  Time elapsed: 10.006 sec  <<< FAILURE!
java.lang.AssertionError: null
	at org.junit.Assert.fail(Assert.java:87)
	at org.junit.Assert.assertTrue(Assert.java:42)
	at org.junit.Assert.assertTrue(Assert.java:53)
	at com.github.louism33.axolotl.evaluation.WACSanityTest.finalSuccessTally(WACSanityTest.java:27)

