-------------------------------------------------------------------------------
Test set: com.github.louism33.axolotl.evaluation.MateTest
-------------------------------------------------------------------------------
Tests run: 151, Failures: 6, Errors: 0, Skipped: 0, Time elapsed: 93.469 sec <<< FAILURE! - in com.github.louism33.axolotl.evaluation.MateTest
test[76 Test: ](com.github.louism33.axolotl.evaluation.MateTest)  Time elapsed: 10.005 sec  <<< FAILURE!
java.lang.AssertionError: null
	at org.junit.Assert.fail(Assert.java:87)
	at org.junit.Assert.assertTrue(Assert.java:42)
	at org.junit.Assert.assertTrue(Assert.java:53)
	at com.github.louism33.axolotl.evaluation.MateTest.test(MateTest.java:54)

test[79 Test: ](com.github.louism33.axolotl.evaluation.MateTest)  Time elapsed: 10.001 sec  <<< FAILURE!
java.lang.AssertionError: null
	at org.junit.Assert.fail(Assert.java:87)
	at org.junit.Assert.assertTrue(Assert.java:42)
	at org.junit.Assert.assertTrue(Assert.java:53)
	at com.github.louism33.axolotl.evaluation.MateTest.test(MateTest.java:54)

test[82 Test: ](com.github.louism33.axolotl.evaluation.MateTest)  Time elapsed: 10.001 sec  <<< FAILURE!
java.lang.AssertionError: null
	at org.junit.Assert.fail(Assert.java:87)
	at org.junit.Assert.assertTrue(Assert.java:42)
	at org.junit.Assert.assertTrue(Assert.java:53)
	at com.github.louism33.axolotl.evaluation.MateTest.test(MateTest.java:54)

test[86 Test: ](com.github.louism33.axolotl.evaluation.MateTest)  Time elapsed: 10.001 sec  <<< FAILURE!
java.lang.AssertionError: null
	at org.junit.Assert.fail(Assert.java:87)
	at org.junit.Assert.assertTrue(Assert.java:42)
	at org.junit.Assert.assertTrue(Assert.java:53)
	at com.github.louism33.axolotl.evaluation.MateTest.test(MateTest.java:54)

test[119 Test: ](com.github.louism33.axolotl.evaluation.MateTest)  Time elapsed: 10.001 sec  <<< FAILURE!
java.lang.AssertionError: null
	at org.junit.Assert.fail(Assert.java:87)
	at org.junit.Assert.assertTrue(Assert.java:42)
	at org.junit.Assert.assertTrue(Assert.java:53)
	at com.github.louism33.axolotl.evaluation.MateTest.test(MateTest.java:54)

test[144 Test: ](com.github.louism33.axolotl.evaluation.MateTest)  Time elapsed: 1.18 sec  <<< FAILURE!
java.lang.AssertionError: null
	at org.junit.Assert.fail(Assert.java:87)
	at org.junit.Assert.assertTrue(Assert.java:42)
	at org.junit.Assert.assertTrue(Assert.java:53)
	at com.github.louism33.axolotl.evaluation.MateTest.test(MateTest.java:54)

