-------------------------------------------------------------------------------
Test set: com.github.louism33.axolotl.evaluation.MateTest
-------------------------------------------------------------------------------
Tests run: 151, Failures: 2, Errors: 0, Skipped: 0, Time elapsed: 331.514 sec <<< FAILURE! - in com.github.louism33.axolotl.evaluation.MateTest
test[86 Test: ](com.github.louism33.axolotl.evaluation.MateTest)  Time elapsed: 165.163 sec  <<< FAILURE!
java.lang.AssertionError: null
	at org.junit.Assert.fail(Assert.java:87)
	at org.junit.Assert.assertTrue(Assert.java:42)
	at org.junit.Assert.assertTrue(Assert.java:53)
	at com.github.louism33.axolotl.evaluation.MateTest.test(MateTest.java:53)

test[144 Test: ](com.github.louism33.axolotl.evaluation.MateTest)  Time elapsed: 1.928 sec  <<< FAILURE!
java.lang.AssertionError: null
	at org.junit.Assert.fail(Assert.java:87)
	at org.junit.Assert.assertTrue(Assert.java:42)
	at org.junit.Assert.assertTrue(Assert.java:53)
	at com.github.louism33.axolotl.evaluation.MateTest.test(MateTest.java:53)

