<?xml version="1.0" encoding="UTF-8"?>
<testsuite name="com.github.louism33.axolotl.evaluation.WACSanityTest" time="2,382.906" tests="301" errors="0" skipped="0" failures="1">
  <properties>
[...]
</properties>
  <testcase name="test[0 Test: WAC.001]" classname="com.github.louism33.axolotl.evaluation.WACSanityTest" time="0.027"/>
  <testcase name="test[1 Test: WAC.002]" classname="com.github.louism33.axolotl.evaluation.WACSanityTest" time="10.002"/>
  <testcase name="test[2 Test: WAC.003]" classname="com.github.louism33.axolotl.evaluation.WACSanityTest" time="10.001"/>
  <testcase name="test[3 Test: WAC.004]" classname="com.github.louism33.axolotl.evaluation.WACSanityTest" time="0.002"/>
  <testcase name="test[4 Test: WAC.005]" classname="com.github.louism33.axolotl.evaluation.WACSanityTest" time="0"/>
  <testcase name="test[5 Test: WAC.006]" classname="com.github.louism33.axolotl.evaluation.WACSanityTest" time="10.001"/>
  <testcase name="test[6 Test: WAC.007]" classname="com.github.louism33.axolotl.evaluation.WACSanityTest" time="10.001"/>
  <testcase name="test[7 Test: WAC.008]" classname="com.github.louism33.axolotl.evaluation.WACSanityTest" time="10.001"/>
  <testcase name="test[8 Test: WAC.009]" classname="com.github.louism33.axolotl.evaluation.WACSanityTest" time="0.219"/>
  <testcase name="test[9 Test: WAC.010]" classname="com.github.louism33.axolotl.evaluation.WACSanityTest" time="10.001"/>
  <testcase name="test[10 Test: WAC.011]" classname="com.github.louism33.axolotl.evaluation.WACSanityTest" time="10.001"/>
  <testcase name="test[11 Test: WAC.012]" classname="com.github.louism33.axolotl.evaluation.WACSanityTest" time="0.001"/>
  <testcase name="test[12 Test: WAC.013]" classname="com.github.louism33.axolotl.evaluation.WACSanityTest" time="10.001"/>
  <testcase name="test[13 Test: WAC.014]" classname="com.github.louism33.axolotl.evaluation.WACSanityTest" time="0.46"/>
  <testcase name="test[14 Test: WAC.015]" classname="com.github.louism33.axolotl.evaluation.WACSanityTest" time="10.001"/>
  <testcase name="test[15 Test: WAC.016]" classname="com.github.louism33.axolotl.evaluation.WACSanityTest" time="10.002"/>
  <testcase name="test[16 Test: WAC.017]" classname="com.github.louism33.axolotl.evaluation.WACSanityTest" time="10.001"/>
  <testcase name="test[17 Test: WAC.018]" classname="com.github.louism33.axolotl.evaluation.WACSanityTest" time="10.001"/>
  <testcase name="test[18 Test: WAC.019]" classname="com.github.louism33.axolotl.evaluation.WACSanityTest" time="10.001"/>
  <testcase name="test[19 Test: WAC.020]" classname="com.github.louism33.axolotl.evaluation.WACSanityTest" time="10.001"/>
  <testcase name="test[20 Test: WAC.021]" classname="com.github.louism33.axolotl.evaluation.WACSanityTest" time="10.001"/>
  <testcase name="test[21 Test: WAC.022]" classname="com.github.louism33.axolotl.evaluation.WACSanityTest" time="10.001"/>
  <testcase name="test[22 Test: WAC.023]" classname="com.github.louism33.axolotl.evaluation.WACSanityTest" time="10.001"/>
  <testcase name="test[23 Test: WAC.024]" classname="com.github.louism33.axolotl.evaluation.WACSanityTest" time="10.002"/>
  <testcase name="test[24 Test: WAC.025]" classname="com.github.louism33.axolotl.evaluation.WACSanityTest" time="10.001"/>
  <testcase name="test[25 Test: WAC.026]" classname="com.github.louism33.axolotl.evaluation.WACSanityTest" time="10.001"/>
  <testcase name="test[26 Test: WAC.027]" classname="com.github.louism33.axolotl.evaluation.WACSanityTest" time="0.002"/>
  <testcase name="test[27 Test: WAC.028]" classname="com.github.louism33.axolotl.evaluation.WACSanityTest" time="10.001"/>
  <testcase name="test[28 Test: WAC.029]" classname="com.github.louism33.axolotl.evaluation.WACSanityTest" time="10.001"/>
  <testcase name="test[29 Test: WAC.030]" classname="com.github.louism33.axolotl.evaluation.WACSanityTest" time="10.001"/>
  <testcase name="test[30 Test: WAC.031]" classname="com.github.louism33.axolotl.evaluation.WACSanityTest" time="10.001"/>
  <testcase name="test[31 Test: WAC.032]" classname="com.github.louism33.axolotl.evaluation.WACSanityTest" time="10.001"/>
  <testcase name="test[32 Test: WAC.033]" classname="com.github.louism33.axolotl.evaluation.WACSanityTest" time="10.001"/>
  <testcase name="test[33 Test: WAC.034]" classname="com.github.louism33.axolotl.evaluation.WACSanityTest" time="10.001"/>
  <testcase name="test[34 Test: WAC.035]" classname="com.github.louism33.axolotl.evaluation.WACSanityTest" time="0.007"/>
  <testcase name="test[35 Test: WAC.036]" classname="com.github.louism33.axolotl.evaluation.WACSanityTest" time="10.001"/>
  <testcase name="test[36 Test: WAC.037]" classname="com.github.louism33.axolotl.evaluation.WACSanityTest" time="10.001"/>
  <testcase name="test[37 Test: WAC.038]" classname="com.github.louism33.axolotl.evaluation.WACSanityTest" time="10.001"/>
  <testcase name="test[38 Test: WAC.039]" classname="com.github.louism33.axolotl.evaluation.WACSanityTest" time="10.001"/>
  <testcase name="test[39 Test: WAC.040]" classname="com.github.louism33.axolotl.evaluation.WACSanityTest" time="10.001"/>
  <testcase name="test[40 Test: WAC.041]" classname="com.github.louism33.axolotl.evaluation.WACSanityTest" time="10.001"/>
  <testcase name="test[41 Test: WAC.042]" classname="com.github.louism33.axolotl.evaluation.WACSanityTest" time="10.001"/>
  <testcase name="test[42 Test: WAC.043]" classname="com.github.louism33.axolotl.evaluation.WACSanityTest" time="10.001"/>
  <testcase name="test[43 Test: WAC.044]" classname="com.github.louism33.axolotl.evaluation.WACSanityTest" time="10.001"/>
  <testcase name="test[44 Test: WAC.045]" classname="com.github.louism33.axolotl.evaluation.WACSanityTest" time="10.001"/>
  <testcase name="test[45 Test: WAC.046]" classname="com.github.louism33.axolotl.evaluation.WACSanityTest" time="10.001"/>
  <testcase name="test[46 Test: WAC.047]" classname="com.github.louism33.axolotl.evaluation.WACSanityTest" time="10.001"/>
  <testcase name="test[47 Test: WAC.048]" classname="com.github.louism33.axolotl.evaluation.WACSanityTest" time="10.001"/>
  <testcase name="test[48 Test: WAC.049]" classname="com.github.louism33.axolotl.evaluation.WACSanityTest" time="7.378"/>
  <testcase name="test[49 Test: WAC.050]" classname="com.github.louism33.axolotl.evaluation.WACSanityTest" time="0.01"/>
  <testcase name="test[50 Test: WAC.051]" classname="com.github.louism33.axolotl.evaluation.WACSanityTest" time="10.001"/>
  <testcase name="test[51 Test: WAC.052]" classname="com.github.louism33.axolotl.evaluation.WACSanityTest" time="10.001"/>
  <testcase name="test[52 Test: WAC.053]" classname="com.github.louism33.axolotl.evaluation.WACSanityTest" time="10.001"/>
  <testcase name="test[53 Test: WAC.054]" classname="com.github.louism33.axolotl.evaluation.WACSanityTest" time="0.002"/>
  <testcase name="test[54 Test: WAC.055]" classname="com.github.louism33.axolotl.evaluation.WACSanityTest" time="0.284"/>
  <testcase name="test[55 Test: WAC.056]" classname="com.github.louism33.axolotl.evaluation.WACSanityTest" time="10.006"/>
  <testcase name="test[56 Test: WAC.057]" classname="com.github.louism33.axolotl.evaluation.WACSanityTest" time="0.007"/>
  <testcase name="test[57 Test: WAC.058]" classname="com.github.louism33.axolotl.evaluation.WACSanityTest" time="10.001"/>
  <testcase name="test[58 Test: WAC.059]" classname="com.github.louism33.axolotl.evaluation.WACSanityTest" time="10.001"/>
  <testcase name="test[59 Test: WAC.060]" classname="com.github.louism33.axolotl.evaluation.WACSanityTest" time="0"/>
  <testcase name="test[60 Test: WAC.061]" classname="com.github.louism33.axolotl.evaluation.WACSanityTest" time="0.001"/>
  <testcase name="test[61 Test: WAC.062]" classname="com.github.louism33.axolotl.evaluation.WACSanityTest" time="10.001"/>
  <testcase name="test[62 Test: WAC.063]" classname="com.github.louism33.axolotl.evaluation.WACSanityTest" time="10.001"/>
  <testcase name="test[63 Test: WAC.064]" classname="com.github.louism33.axolotl.evaluation.WACSanityTest" time="0.005"/>
  <testcase name="test[64 Test: WAC.065]" classname="com.github.louism33.axolotl.evaluation.WACSanityTest" time="10.001"/>
  <testcase name="test[65 Test: WAC.066]" classname="com.github.louism33.axolotl.evaluation.WACSanityTest" time="10.001"/>
  <testcase name="test[66 Test: WAC.067]" classname="com.github.louism33.axolotl.evaluation.WACSanityTest" time="10.001"/>
  <testcase name="test[67 Test: WAC.068]" classname="com.github.louism33.axolotl.evaluation.WACSanityTest" time="10.001"/>
  <testcase name="test[68 Test: WAC.069]" classname="com.github.louism33.axolotl.evaluation.WACSanityTest" time="10.001"/>
  <testcase name="test[69 Test: WAC.070]" classname="com.github.louism33.axolotl.evaluation.WACSanityTest" time="10.001"/>
  <testcase name="test[70 Test: WAC.071]" classname="com.github.louism33.axolotl.evaluation.WACSanityTest" time="10.001"/>
  <testcase name="test[71 Test: WAC.072]" classname="com.github.louism33.axolotl.evaluation.WACSanityTest" time="10.001"/>
  <testcase name="test[72 Test: WAC.073]" classname="com.github.louism33.axolotl.evaluation.WACSanityTest" time="10.001"/>
  <testcase name="test[73 Test: WAC.074]" classname="com.github.louism33.axolotl.evaluation.WACSanityTest" time="10.002"/>
  <testcase name="test[74 Test: WAC.075]" classname="com.github.louism33.axolotl.evaluation.WACSanityTest" time="10.001"/>
  <testcase name="test[75 Test: WAC.076]" classname="com.github.louism33.axolotl.evaluation.WACSanityTest" time="10.001"/>
  <testcase name="test[76 Test: WAC.077]" classname="com.github.louism33.axolotl.evaluation.WACSanityTest" time="10.001"/>
  <testcase name="test[77 Test: WAC.078]" classname="com.github.louism33.axolotl.evaluation.WACSanityTest" time="10.001"/>
  <testcase name="test[78 Test: WAC.079]" classname="com.github.louism33.axolotl.evaluation.WACSanityTest" time="0.008"/>
  <testcase name="test[79 Test: WAC.080]" classname="com.github.louism33.axolotl.evaluation.WACSanityTest" time="10.001"/>
  <testcase name="test[80 Test: WAC.081]" classname="com.github.louism33.axolotl.evaluation.WACSanityTest" time="10.001"/>
  <testcase name="test[81 Test: WAC.082]" classname="com.github.louism33.axolotl.evaluation.WACSanityTest" time="10.001"/>
  <testcase name="test[82 Test: WAC.083]" classname="com.github.louism33.axolotl.evaluation.WACSanityTest" time="10.001"/>
  <testcase name="test[83 Test: WAC.084]" classname="com.github.louism33.axolotl.evaluation.WACSanityTest" time="0.001"/>
  <testcase name="test[84 Test: WAC.085]" classname="com.github.louism33.axolotl.evaluation.WACSanityTest" time="10.001"/>
  <testcase name="test[85 Test: WAC.086]" classname="com.github.louism33.axolotl.evaluation.WACSanityTest" time="10.001"/>
  <testcase name="test[86 Test: WAC.087]" classname="com.github.louism33.axolotl.evaluation.WACSanityTest" time="10.001"/>
  <testcase name="test[87 Test: WAC.088]" classname="com.github.louism33.axolotl.evaluation.WACSanityTest" time="0.429"/>
  <testcase name="test[88 Test: WAC.089]" classname="com.github.louism33.axolotl.evaluation.WACSanityTest" time="10.001"/>
  <testcase name="test[89 Test: WAC.090]" classname="com.github.louism33.axolotl.evaluation.WACSanityTest" time="10.001"/>
  <testcase name="test[90 Test: WAC.091]" classname="com.github.louism33.axolotl.evaluation.WACSanityTest" time="10.001"/>
  <testcase name="test[91 Test: WAC.092]" classname="com.github.louism33.axolotl.evaluation.WACSanityTest" time="10.001"/>
  <testcase name="test[92 Test: WAC.093]" classname="com.github.louism33.axolotl.evaluation.WACSanityTest" time="10.002"/>
  <testcase name="test[93 Test: WAC.094]" classname="com.github.louism33.axolotl.evaluation.WACSanityTest" time="10.002"/>
  <testcase name="test[94 Test: WAC.095]" classname="com.github.louism33.axolotl.evaluation.WACSanityTest" time="10.001"/>
  <testcase name="test[95 Test: WAC.096]" classname="com.github.louism33.axolotl.evaluation.WACSanityTest" time="10.001"/>
  <testcase name="test[96 Test: WAC.097]" classname="com.github.louism33.axolotl.evaluation.WACSanityTest" time="0.002"/>
  <testcase name="test[97 Test: WAC.098]" classname="com.github.louism33.axolotl.evaluation.WACSanityTest" time="10.001"/>
  <testcase name="test[98 Test: WAC.099]" classname="com.github.louism33.axolotl.evaluation.WACSanityTest" time="0.01"/>
  <testcase name="test[99 Test: WAC.100]" classname="com.github.louism33.axolotl.evaluation.WACSanityTest" time="10.001"/>
  <testcase name="test[100 Test: WAC.101]" classname="com.github.louism33.axolotl.evaluation.WACSanityTest" time="10.001"/>
  <testcase name="test[101 Test: WAC.102]" classname="com.github.louism33.axolotl.evaluation.WACSanityTest" time="0.004"/>
  <testcase name="test[102 Test: WAC.103]" classname="com.github.louism33.axolotl.evaluation.WACSanityTest" time="0.026"/>
  <testcase name="test[103 Test: WAC.104]" classname="com.github.louism33.axolotl.evaluation.WACSanityTest" time="0.12"/>
  <testcase name="test[104 Test: WAC.105]" classname="com.github.louism33.axolotl.evaluation.WACSanityTest" time="10.001"/>
  <testcase name="test[105 Test: WAC.106]" classname="com.github.louism33.axolotl.evaluation.WACSanityTest" time="10.001"/>
  <testcase name="test[106 Test: WAC.107]" classname="com.github.louism33.axolotl.evaluation.WACSanityTest" time="10.001"/>
  <testcase name="test[107 Test: WAC.108]" classname="com.github.louism33.axolotl.evaluation.WACSanityTest" time="10.001"/>
  <testcase name="test[108 Test: WAC.109]" classname="com.github.louism33.axolotl.evaluation.WACSanityTest" time="10.001"/>
  <testcase name="test[109 Test: WAC.110]" classname="com.github.louism33.axolotl.evaluation.WACSanityTest" time="10.001"/>
  <testcase name="test[110 Test: WAC.111]" classname="com.github.louism33.axolotl.evaluation.WACSanityTest" time="10.001"/>
  <testcase name="test[111 Test: WAC.112]" classname="com.github.louism33.axolotl.evaluation.WACSanityTest" time="10.001"/>
  <testcase name="test[112 Test: WAC.113]" classname="com.github.louism33.axolotl.evaluation.WACSanityTest" time="10.001"/>
  <testcase name="test[113 Test: WAC.114]" classname="com.github.louism33.axolotl.evaluation.WACSanityTest" time="10.001"/>
  <testcase name="test[114 Test: WAC.115]" classname="com.github.louism33.axolotl.evaluation.WACSanityTest" time="10.001"/>
  <testcase name="test[115 Test: WAC.116]" classname="com.github.louism33.axolotl.evaluation.WACSanityTest" time="10.001"/>
  <testcase name="test[116 Test: WAC.117]" classname="com.github.louism33.axolotl.evaluation.WACSanityTest" time="10.001"/>
  <testcase name="test[117 Test: WAC.118]" classname="com.github.louism33.axolotl.evaluation.WACSanityTest" time="10.001"/>
  <testcase name="test[118 Test: WAC.119]" classname="com.github.louism33.axolotl.evaluation.WACSanityTest" time="10.001"/>
  <testcase name="test[119 Test: WAC.120]" classname="com.github.louism33.axolotl.evaluation.WACSanityTest" time="10.001"/>
  <testcase name="test[120 Test: WAC.121]" classname="com.github.louism33.axolotl.evaluation.WACSanityTest" time="10.001"/>
  <testcase name="test[121 Test: WAC.122]" classname="com.github.louism33.axolotl.evaluation.WACSanityTest" time="10.001"/>
  <testcase name="test[122 Test: WAC.123]" classname="com.github.louism33.axolotl.evaluation.WACSanityTest" time="10.001"/>
  <testcase name="test[123 Test: WAC.124]" classname="com.github.louism33.axolotl.evaluation.WACSanityTest" time="10.001"/>
  <testcase name="test[124 Test: WAC.125]" classname="com.github.louism33.axolotl.evaluation.WACSanityTest" time="10.001"/>
  <testcase name="test[125 Test: WAC.126]" classname="com.github.louism33.axolotl.evaluation.WACSanityTest" time="10.001"/>
  <testcase name="test[126 Test: WAC.127]" classname="com.github.louism33.axolotl.evaluation.WACSanityTest" time="10.001"/>
  <testcase name="test[127 Test: WAC.128]" classname="com.github.louism33.axolotl.evaluation.WACSanityTest" time="10.001"/>
  <testcase name="test[128 Test: WAC.129]" classname="com.github.louism33.axolotl.evaluation.WACSanityTest" time="10.001"/>
  <testcase name="test[129 Test: WAC.130]" classname="com.github.louism33.axolotl.evaluation.WACSanityTest" time="10.002"/>
  <testcase name="test[130 Test: WAC.131]" classname="com.github.louism33.axolotl.evaluation.WACSanityTest" time="10.001"/>
  <testcase name="test[131 Test: WAC.132]" classname="com.github.louism33.axolotl.evaluation.WACSanityTest" time="0.589"/>
  <testcase name="test[132 Test: WAC.133]" classname="com.github.louism33.axolotl.evaluation.WACSanityTest" time="10.001"/>
  <testcase name="test[133 Test: WAC.134]" classname="com.github.louism33.axolotl.evaluation.WACSanityTest" time="0.039"/>
  <testcase name="test[134 Test: WAC.135]" classname="com.github.louism33.axolotl.evaluation.WACSanityTest" time="10.001"/>
  <testcase name="test[135 Test: WAC.136]" classname="com.github.louism33.axolotl.evaluation.WACSanityTest" time="0.009"/>
  <testcase name="test[136 Test: WAC.137]" classname="com.github.louism33.axolotl.evaluation.WACSanityTest" time="10.001"/>
  <testcase name="test[137 Test: WAC.138]" classname="com.github.louism33.axolotl.evaluation.WACSanityTest" time="10.001"/>
  <testcase name="test[138 Test: WAC.139]" classname="com.github.louism33.axolotl.evaluation.WACSanityTest" time="0.022"/>
  <testcase name="test[139 Test: WAC.140]" classname="com.github.louism33.axolotl.evaluation.WACSanityTest" time="10.001"/>
  <testcase name="test[140 Test: WAC.141]" classname="com.github.louism33.axolotl.evaluation.WACSanityTest" time="10.001"/>
  <testcase name="test[141 Test: WAC.142]" classname="com.github.louism33.axolotl.evaluation.WACSanityTest" time="10.001"/>
  <testcase name="test[142 Test: WAC.143]" classname="com.github.louism33.axolotl.evaluation.WACSanityTest" time="0.009"/>
  <testcase name="test[143 Test: WAC.144]" classname="com.github.louism33.axolotl.evaluation.WACSanityTest" time="10.001"/>
  <testcase name="test[144 Test: WAC.145]" classname="com.github.louism33.axolotl.evaluation.WACSanityTest" time="10.001"/>
  <testcase name="test[145 Test: WAC.146]" classname="com.github.louism33.axolotl.evaluation.WACSanityTest" time="10.001"/>
  <testcase name="test[146 Test: WAC.147]" classname="com.github.louism33.axolotl.evaluation.WACSanityTest" time="10.001"/>
  <testcase name="test[147 Test: WAC.148]" classname="com.github.louism33.axolotl.evaluation.WACSanityTest" time="10.001"/>
  <testcase name="test[148 Test: WAC.149]" classname="com.github.louism33.axolotl.evaluation.WACSanityTest" time="10.001"/>
  <testcase name="test[149 Test: WAC.150]" classname="com.github.louism33.axolotl.evaluation.WACSanityTest" time="10.001"/>
  <testcase name="test[150 Test: WAC.151]" classname="com.github.louism33.axolotl.evaluation.WACSanityTest" time="10.001"/>
  <testcase name="test[151 Test: WAC.152]" classname="com.github.louism33.axolotl.evaluation.WACSanityTest" time="10.001"/>
  <testcase name="test[152 Test: WAC.153]" classname="com.github.louism33.axolotl.evaluation.WACSanityTest" time="10.001"/>
  <testcase name="test[153 Test: WAC.154]" classname="com.github.louism33.axolotl.evaluation.WACSanityTest" time="0"/>
  <testcase name="test[154 Test: WAC.155]" classname="com.github.louism33.axolotl.evaluation.WACSanityTest" time="10.004"/>
  <testcase name="test[155 Test: WAC.156]" classname="com.github.louism33.axolotl.evaluation.WACSanityTest" time="0"/>
  <testcase name="test[156 Test: WAC.157]" classname="com.github.louism33.axolotl.evaluation.WACSanityTest" time="10.001"/>
  <testcase name="test[157 Test: WAC.158]" classname="com.github.louism33.axolotl.evaluation.WACSanityTest" time="0.006"/>
  <testcase name="test[158 Test: WAC.159]" classname="com.github.louism33.axolotl.evaluation.WACSanityTest" time="10.001"/>
  <testcase name="test[159 Test: WAC.160]" classname="com.github.louism33.axolotl.evaluation.WACSanityTest" time="0.001"/>
  <testcase name="test[160 Test: WAC.161]" classname="com.github.louism33.axolotl.evaluation.WACSanityTest" time="0.096"/>
  <testcase name="test[161 Test: WAC.162]" classname="com.github.louism33.axolotl.evaluation.WACSanityTest" time="10.001"/>
  <testcase name="test[162 Test: WAC.163]" classname="com.github.louism33.axolotl.evaluation.WACSanityTest" time="10.001"/>
  <testcase name="test[163 Test: WAC.164]" classname="com.github.louism33.axolotl.evaluation.WACSanityTest" time="10.001"/>
  <testcase name="test[164 Test: WAC.165]" classname="com.github.louism33.axolotl.evaluation.WACSanityTest" time="10.001"/>
  <testcase name="test[165 Test: WAC.166]" classname="com.github.louism33.axolotl.evaluation.WACSanityTest" time="10.001"/>
  <testcase name="test[166 Test: WAC.167]" classname="com.github.louism33.axolotl.evaluation.WACSanityTest" time="0.136"/>
  <testcase name="test[167 Test: WAC.168]" classname="com.github.louism33.axolotl.evaluation.WACSanityTest" time="10.001"/>
  <testcase name="test[168 Test: WAC.169]" classname="com.github.louism33.axolotl.evaluation.WACSanityTest" time="10.001"/>
  <testcase name="test[169 Test: WAC.170]" classname="com.github.louism33.axolotl.evaluation.WACSanityTest" time="10.001"/>
  <testcase name="test[170 Test: WAC.171]" classname="com.github.louism33.axolotl.evaluation.WACSanityTest" time="10.001"/>
  <testcase name="test[171 Test: WAC.172]" classname="com.github.louism33.axolotl.evaluation.WACSanityTest" time="0.006"/>
  <testcase name="test[172 Test: WAC.173]" classname="com.github.louism33.axolotl.evaluation.WACSanityTest" time="0.011"/>
  <testcase name="test[173 Test: WAC.174]" classname="com.github.louism33.axolotl.evaluation.WACSanityTest" time="10.001"/>
  <testcase name="test[174 Test: WAC.175]" classname="com.github.louism33.axolotl.evaluation.WACSanityTest" time="10.002"/>
  <testcase name="test[175 Test: WAC.176]" classname="com.github.louism33.axolotl.evaluation.WACSanityTest" time="10.001"/>
  <testcase name="test[176 Test: WAC.177]" classname="com.github.louism33.axolotl.evaluation.WACSanityTest" time="0.003"/>
  <testcase name="test[177 Test: WAC.178]" classname="com.github.louism33.axolotl.evaluation.WACSanityTest" time="10.001"/>
  <testcase name="test[178 Test: WAC.179]" classname="com.github.louism33.axolotl.evaluation.WACSanityTest" time="0.004"/>
  <testcase name="test[179 Test: WAC.180]" classname="com.github.louism33.axolotl.evaluation.WACSanityTest" time="10.002"/>
  <testcase name="test[180 Test: WAC.181]" classname="com.github.louism33.axolotl.evaluation.WACSanityTest" time="10.001"/>
  <testcase name="test[181 Test: WAC.182]" classname="com.github.louism33.axolotl.evaluation.WACSanityTest" time="10.001"/>
  <testcase name="test[182 Test: WAC.183]" classname="com.github.louism33.axolotl.evaluation.WACSanityTest" time="10.002"/>
  <testcase name="test[183 Test: WAC.184]" classname="com.github.louism33.axolotl.evaluation.WACSanityTest" time="0.002"/>
  <testcase name="test[184 Test: WAC.185]" classname="com.github.louism33.axolotl.evaluation.WACSanityTest" time="10.001"/>
  <testcase name="test[185 Test: WAC.186]" classname="com.github.louism33.axolotl.evaluation.WACSanityTest" time="0.004"/>
  <testcase name="test[186 Test: WAC.187]" classname="com.github.louism33.axolotl.evaluation.WACSanityTest" time="10.001"/>
  <testcase name="test[187 Test: WAC.188]" classname="com.github.louism33.axolotl.evaluation.WACSanityTest" time="0.002"/>
  <testcase name="test[188 Test: WAC.189]" classname="com.github.louism33.axolotl.evaluation.WACSanityTest" time="10"/>
  <testcase name="test[189 Test: WAC.190]" classname="com.github.louism33.axolotl.evaluation.WACSanityTest" time="10.001"/>
  <testcase name="test[190 Test: WAC.191]" classname="com.github.louism33.axolotl.evaluation.WACSanityTest" time="0.161"/>
  <testcase name="test[191 Test: WAC.192]" classname="com.github.louism33.axolotl.evaluation.WACSanityTest" time="10.001"/>
  <testcase name="test[192 Test: WAC.193]" classname="com.github.louism33.axolotl.evaluation.WACSanityTest" time="10.001"/>
  <testcase name="test[193 Test: WAC.194]" classname="com.github.louism33.axolotl.evaluation.WACSanityTest" time="10.001"/>
  <testcase name="test[194 Test: WAC.195]" classname="com.github.louism33.axolotl.evaluation.WACSanityTest" time="10.001"/>
  <testcase name="test[195 Test: WAC.196]" classname="com.github.louism33.axolotl.evaluation.WACSanityTest" time="10.001"/>
  <testcase name="test[196 Test: WAC.197]" classname="com.github.louism33.axolotl.evaluation.WACSanityTest" time="0.001"/>
  <testcase name="test[197 Test: WAC.198]" classname="com.github.louism33.axolotl.evaluation.WACSanityTest" time="10.001"/>
  <testcase name="test[198 Test: WAC.199]" classname="com.github.louism33.axolotl.evaluation.WACSanityTest" time="10.001"/>
  <testcase name="test[199 Test: WAC.200]" classname="com.github.louism33.axolotl.evaluation.WACSanityTest" time="10.001"/>
  <testcase name="test[200 Test: WAC.201]" classname="com.github.louism33.axolotl.evaluation.WACSanityTest" time="10.001"/>
  <testcase name="test[201 Test: WAC.202]" classname="com.github.louism33.axolotl.evaluation.WACSanityTest" time="10.001"/>
  <testcase name="test[202 Test: WAC.203]" classname="com.github.louism33.axolotl.evaluation.WACSanityTest" time="0.864"/>
  <testcase name="test[203 Test: WAC.204]" classname="com.github.louism33.axolotl.evaluation.WACSanityTest" time="10.001"/>
  <testcase name="test[204 Test: WAC.205]" classname="com.github.louism33.axolotl.evaluation.WACSanityTest" time="10.001"/>
  <testcase name="test[205 Test: WAC.206]" classname="com.github.louism33.axolotl.evaluation.WACSanityTest" time="10.001"/>
  <testcase name="test[206 Test: WAC.207]" classname="com.github.louism33.axolotl.evaluation.WACSanityTest" time="10.001"/>
  <testcase name="test[207 Test: WAC.208]" classname="com.github.louism33.axolotl.evaluation.WACSanityTest" time="10.001"/>
  <testcase name="test[208 Test: WAC.209]" classname="com.github.louism33.axolotl.evaluation.WACSanityTest" time="10.001"/>
  <testcase name="test[209 Test: WAC.210]" classname="com.github.louism33.axolotl.evaluation.WACSanityTest" time="10.001"/>
  <testcase name="test[210 Test: WAC.211]" classname="com.github.louism33.axolotl.evaluation.WACSanityTest" time="0.449"/>
  <testcase name="test[211 Test: WAC.212]" classname="com.github.louism33.axolotl.evaluation.WACSanityTest" time="0.521"/>
  <testcase name="test[212 Test: WAC.213]" classname="com.github.louism33.axolotl.evaluation.WACSanityTest" time="10.001"/>
  <testcase name="test[213 Test: WAC.214]" classname="com.github.louism33.axolotl.evaluation.WACSanityTest" time="10.001"/>
  <testcase name="test[214 Test: WAC.215]" classname="com.github.louism33.axolotl.evaluation.WACSanityTest" time="0.043"/>
  <testcase name="test[215 Test: WAC.216]" classname="com.github.louism33.axolotl.evaluation.WACSanityTest" time="10.001"/>
  <testcase name="test[216 Test: WAC.217]" classname="com.github.louism33.axolotl.evaluation.WACSanityTest" time="1.282"/>
  <testcase name="test[217 Test: WAC.218]" classname="com.github.louism33.axolotl.evaluation.WACSanityTest" time="10.001"/>
  <testcase name="test[218 Test: WAC.219]" classname="com.github.louism33.axolotl.evaluation.WACSanityTest" time="0.005"/>
  <testcase name="test[219 Test: WAC.220]" classname="com.github.louism33.axolotl.evaluation.WACSanityTest" time="10.001"/>
  <testcase name="test[220 Test: WAC.221]" classname="com.github.louism33.axolotl.evaluation.WACSanityTest" time="10.001"/>
  <testcase name="test[221 Test: WAC.222]" classname="com.github.louism33.axolotl.evaluation.WACSanityTest" time="10.001"/>
  <testcase name="test[222 Test: WAC.223]" classname="com.github.louism33.axolotl.evaluation.WACSanityTest" time="10.001"/>
  <testcase name="test[223 Test: WAC.224]" classname="com.github.louism33.axolotl.evaluation.WACSanityTest" time="10.001"/>
  <testcase name="test[224 Test: WAC.225]" classname="com.github.louism33.axolotl.evaluation.WACSanityTest" time="0.006"/>
  <testcase name="test[225 Test: WAC.226]" classname="com.github.louism33.axolotl.evaluation.WACSanityTest" time="10.001"/>
  <testcase name="test[226 Test: WAC.227]" classname="com.github.louism33.axolotl.evaluation.WACSanityTest" time="10.001"/>
  <testcase name="test[227 Test: WAC.228]" classname="com.github.louism33.axolotl.evaluation.WACSanityTest" time="10.001"/>
  <testcase name="test[228 Test: WAC.229]" classname="com.github.louism33.axolotl.evaluation.WACSanityTest" time="10.001"/>
  <testcase name="test[229 Test: WAC.230]" classname="com.github.louism33.axolotl.evaluation.WACSanityTest" time="10.001"/>
  <testcase name="test[230 Test: WAC.231]" classname="com.github.louism33.axolotl.evaluation.WACSanityTest" time="10"/>
  <testcase name="test[231 Test: WAC.232]" classname="com.github.louism33.axolotl.evaluation.WACSanityTest" time="10.001"/>
  <testcase name="test[232 Test: WAC.233]" classname="com.github.louism33.axolotl.evaluation.WACSanityTest" time="10.001"/>
  <testcase name="test[233 Test: WAC.234]" classname="com.github.louism33.axolotl.evaluation.WACSanityTest" time="10.001"/>
  <testcase name="test[234 Test: WAC.235]" classname="com.github.louism33.axolotl.evaluation.WACSanityTest" time="10.001"/>
  <testcase name="test[235 Test: WAC.236]" classname="com.github.louism33.axolotl.evaluation.WACSanityTest" time="10.001"/>
  <testcase name="test[236 Test: WAC.237]" classname="com.github.louism33.axolotl.evaluation.WACSanityTest" time="10.001"/>
  <testcase name="test[237 Test: WAC.238]" classname="com.github.louism33.axolotl.evaluation.WACSanityTest" time="10.001"/>
  <testcase name="test[238 Test: WAC.239]" classname="com.github.louism33.axolotl.evaluation.WACSanityTest" time="10.001"/>
  <testcase name="test[239 Test: WAC.240]" classname="com.github.louism33.axolotl.evaluation.WACSanityTest" time="10.001"/>
  <testcase name="test[240 Test: WAC.241]" classname="com.github.louism33.axolotl.evaluation.WACSanityTest" time="10.001"/>
  <testcase name="test[241 Test: WAC.242]" classname="com.github.louism33.axolotl.evaluation.WACSanityTest" time="10.001"/>
  <testcase name="test[242 Test: WAC.243]" classname="com.github.louism33.axolotl.evaluation.WACSanityTest" time="10.001"/>
  <testcase name="test[243 Test: WAC.244]" classname="com.github.louism33.axolotl.evaluation.WACSanityTest" time="0.065"/>
  <testcase name="test[244 Test: WAC.245]" classname="com.github.louism33.axolotl.evaluation.WACSanityTest" time="10.001"/>
  <testcase name="test[245 Test: WAC.246]" classname="com.github.louism33.axolotl.evaluation.WACSanityTest" time="0.001"/>
  <testcase name="test[246 Test: WAC.247]" classname="com.github.louism33.axolotl.evaluation.WACSanityTest" time="10.001"/>
  <testcase name="test[247 Test: WAC.248]" classname="com.github.louism33.axolotl.evaluation.WACSanityTest" time="10.001"/>
  <testcase name="test[248 Test: WAC.249]" classname="com.github.louism33.axolotl.evaluation.WACSanityTest" time="10.001"/>
  <testcase name="test[249 Test: WAC.250]" classname="com.github.louism33.axolotl.evaluation.WACSanityTest" time="6.141"/>
  <testcase name="test[250 Test: WAC.251]" classname="com.github.louism33.axolotl.evaluation.WACSanityTest" time="10.002"/>
  <testcase name="test[251 Test: WAC.252]" classname="com.github.louism33.axolotl.evaluation.WACSanityTest" time="10.001"/>
  <testcase name="test[252 Test: WAC.253]" classname="com.github.louism33.axolotl.evaluation.WACSanityTest" time="0.006"/>
  <testcase name="test[253 Test: WAC.254]" classname="com.github.louism33.axolotl.evaluation.WACSanityTest" time="10.001"/>
  <testcase name="test[254 Test: WAC.255]" classname="com.github.louism33.axolotl.evaluation.WACSanityTest" time="10.001"/>
  <testcase name="test[255 Test: WAC.256]" classname="com.github.louism33.axolotl.evaluation.WACSanityTest" time="10.001"/>
  <testcase name="test[256 Test: WAC.257]" classname="com.github.louism33.axolotl.evaluation.WACSanityTest" time="10.001"/>
  <testcase name="test[257 Test: WAC.258]" classname="com.github.louism33.axolotl.evaluation.WACSanityTest" time="10.001"/>
  <testcase name="test[258 Test: WAC.259]" classname="com.github.louism33.axolotl.evaluation.WACSanityTest" time="10.001"/>
  <testcase name="test[259 Test: WAC.260]" classname="com.github.louism33.axolotl.evaluation.WACSanityTest" time="0.283"/>
  <testcase name="test[260 Test: WAC.261]" classname="com.github.louism33.axolotl.evaluation.WACSanityTest" time="10.001"/>
  <testcase name="test[261 Test: WAC.262]" classname="com.github.louism33.axolotl.evaluation.WACSanityTest" time="10.001"/>
  <testcase name="test[262 Test: WAC.263]" classname="com.github.louism33.axolotl.evaluation.WACSanityTest" time="0.088"/>
  <testcase name="test[263 Test: WAC.264]" classname="com.github.louism33.axolotl.evaluation.WACSanityTest" time="10.001"/>
  <testcase name="test[264 Test: WAC.265]" classname="com.github.louism33.axolotl.evaluation.WACSanityTest" time="10.001"/>
  <testcase name="test[265 Test: WAC.266]" classname="com.github.louism33.axolotl.evaluation.WACSanityTest" time="1.075"/>
  <testcase name="test[266 Test: WAC.267]" classname="com.github.louism33.axolotl.evaluation.WACSanityTest" time="0.346"/>
  <testcase name="test[267 Test: WAC.268]" classname="com.github.louism33.axolotl.evaluation.WACSanityTest" time="10.001"/>
  <testcase name="test[268 Test: WAC.269]" classname="com.github.louism33.axolotl.evaluation.WACSanityTest" time="10.001"/>
  <testcase name="test[269 Test: WAC.270]" classname="com.github.louism33.axolotl.evaluation.WACSanityTest" time="10.001"/>
  <testcase name="test[270 Test: WAC.271]" classname="com.github.louism33.axolotl.evaluation.WACSanityTest" time="10.002"/>
  <testcase name="test[271 Test: WAC.272]" classname="com.github.louism33.axolotl.evaluation.WACSanityTest" time="10.001"/>
  <testcase name="test[272 Test: WAC.273]" classname="com.github.louism33.axolotl.evaluation.WACSanityTest" time="10.003"/>
  <testcase name="test[273 Test: WAC.274]" classname="com.github.louism33.axolotl.evaluation.WACSanityTest" time="10.002"/>
  <testcase name="test[274 Test: WAC.275]" classname="com.github.louism33.axolotl.evaluation.WACSanityTest" time="10.001"/>
  <testcase name="test[275 Test: WAC.276]" classname="com.github.louism33.axolotl.evaluation.WACSanityTest" time="10.001"/>
  <testcase name="test[276 Test: WAC.277]" classname="com.github.louism33.axolotl.evaluation.WACSanityTest" time="10.001"/>
  <testcase name="test[277 Test: WAC.278]" classname="com.github.louism33.axolotl.evaluation.WACSanityTest" time="1.172"/>
  <testcase name="test[278 Test: WAC.279]" classname="com.github.louism33.axolotl.evaluation.WACSanityTest" time="10.001"/>
  <testcase name="test[279 Test: WAC.280]" classname="com.github.louism33.axolotl.evaluation.WACSanityTest" time="10.001"/>
  <testcase name="test[280 Test: WAC.281]" classname="com.github.louism33.axolotl.evaluation.WACSanityTest" time="10.001"/>
  <testcase name="test[281 Test: WAC.282]" classname="com.github.louism33.axolotl.evaluation.WACSanityTest" time="0.058"/>
  <testcase name="test[282 Test: WAC.283]" classname="com.github.louism33.axolotl.evaluation.WACSanityTest" time="10.002"/>
  <testcase name="test[283 Test: WAC.284]" classname="com.github.louism33.axolotl.evaluation.WACSanityTest" time="10.001"/>
  <testcase name="test[284 Test: WAC.285]" classname="com.github.louism33.axolotl.evaluation.WACSanityTest" time="0.045"/>
  <testcase name="test[285 Test: WAC.286]" classname="com.github.louism33.axolotl.evaluation.WACSanityTest" time="10.001"/>
  <testcase name="test[286 Test: WAC.287]" classname="com.github.louism33.axolotl.evaluation.WACSanityTest" time="10.001"/>
  <testcase name="test[287 Test: WAC.288]" classname="com.github.louism33.axolotl.evaluation.WACSanityTest" time="10.001"/>
  <testcase name="test[288 Test: WAC.289]" classname="com.github.louism33.axolotl.evaluation.WACSanityTest" time="10.001"/>
  <testcase name="test[289 Test: WAC.290]" classname="com.github.louism33.axolotl.evaluation.WACSanityTest" time="0.051"/>
  <testcase name="test[290 Test: WAC.291]" classname="com.github.louism33.axolotl.evaluation.WACSanityTest" time="10.001"/>
  <testcase name="test[291 Test: WAC.292]" classname="com.github.louism33.axolotl.evaluation.WACSanityTest" time="10.001"/>
  <testcase name="test[292 Test: WAC.293]" classname="com.github.louism33.axolotl.evaluation.WACSanityTest" time="10.001"/>
  <testcase name="test[293 Test: WAC.294]" classname="com.github.louism33.axolotl.evaluation.WACSanityTest" time="10.001"/>
  <testcase name="test[294 Test: WAC.295]" classname="com.github.louism33.axolotl.evaluation.WACSanityTest" time="0.002"/>
  <testcase name="test[295 Test: WAC.296]" classname="com.github.louism33.axolotl.evaluation.WACSanityTest" time="10.001"/>
  <testcase name="test[296 Test: WAC.297]" classname="com.github.louism33.axolotl.evaluation.WACSanityTest" time="10.001"/>
  <testcase name="test[297 Test: WAC.298]" classname="com.github.louism33.axolotl.evaluation.WACSanityTest" time="0.034"/>
  <testcase name="test[298 Test: WAC.299]" classname="com.github.louism33.axolotl.evaluation.WACSanityTest" time="10.001"/>
  <testcase name="test[299 Test: WAC.300]" classname="com.github.louism33.axolotl.evaluation.WACSanityTest" time="10.001"/>
  <testcase name="com.github.louism33.axolotl.evaluation.WACSanityTest" classname="com.github.louism33.axolotl.evaluation.WACSanityTest" time="10.006">
    <failure type="java.lang.AssertionError:">java.lang.AssertionError: null
	at org.junit.Assert.fail(Assert.java:87)
	at org.junit.Assert.assertTrue(Assert.java:42)
	at org.junit.Assert.assertTrue(Assert.java:53)
	at com.github.louism33.axolotl.evaluation.WACSanityTest.finalSuccessTally(WACSanityTest.java:27)
</failure>
    <system-out><![CDATA[Successful WAC sanity tests: 83
]]></system-out>
  </testcase>
</testsuite>