<?xml version="1.0" encoding="UTF-8"?>
<testsuite name="com.github.louism33.axolotl.moveordering.MoveOrdererTest" time="0.014" tests="2" errors="0" skipped="0" failures="2">
  <properties>
[...]
</properties>
  <testcase name="positiveMoves" classname="com.github.louism33.axolotl.moveordering.MoveOrdererTest" time="0.014">
    <failure type="java.lang.AssertionError:">java.lang.AssertionError: null
	at org.junit.Assert.fail(Assert.java:87)
	at org.junit.Assert.assertTrue(Assert.java:42)
	at org.junit.Assert.assertTrue(Assert.java:53)
	at com.github.louism33.axolotl.moveordering.MoveOrderer.buildMoveScore(MoveOrderer.java:30)
	at com.github.louism33.axolotl.moveordering.MoveOrdererTest.positiveMoves(MoveOrdererTest.java:48)
</failure>
  </testcase>
  <testcase name="moveScore" classname="com.github.louism33.axolotl.moveordering.MoveOrdererTest" time="0">
    <failure type="java.lang.AssertionError:">java.lang.AssertionError: null
	at org.junit.Assert.fail(Assert.java:87)
	at org.junit.Assert.assertTrue(Assert.java:42)
	at org.junit.Assert.assertTrue(Assert.java:53)
	at com.github.louism33.axolotl.moveordering.MoveOrderer.buildMoveScore(MoveOrderer.java:30)
	at com.github.louism33.axolotl.moveordering.MoveOrdererTest.moveScore(MoveOrdererTest.java:21)
</failure>
  </testcase>
</testsuite>